<?xml version="1.0" encoding="UTF-8"?>
<!-- Generated by org.testng.reporters.JUnitXMLReporter -->
<testsuite ignored="0" hostname="DESKTOP-D5739PH" failures="0" tests="5" name="Default test" time="46.308" errors="0" timestamp="10 Mar 2019 15:23:09 GMT">
  <testcase classname="com.TestCases.LoginPageTest" name="VerifyLogoofThePage" time="0.151"/>
  <testcase classname="com.TestCases.LoginPageTest" name="VerifyTitleofThePage" time="0.034"/>
  <testcase classname="com.TestCases.LoginPageTest" name="VerifyErrorMessageWithinvaliduspw" time="6.869"/>
  <testcase classname="com.TestCases.LoginPageTest" name="VerifyLoginPage" time="3.21"/>
  <testcase classname="com.TestCases.LoginPageTest" name="VerifyHomePage" time="3.593"/>
</testsuite> <!-- Default test -->
