<?xml version="1.0" encoding="UTF-8"?>
<!-- Generated by org.testng.reporters.JUnitXMLReporter -->
<testsuite ignored="0" hostname="DESKTOP-D5739PH" failures="0" tests="5" name="Default test" time="48.651" errors="0" timestamp="04 Aug 2019 00:57:13 GMT">
  <testcase classname="com.TestCases.LoginPageTest" name="VerifyLogoofThePage" time="0.051"/>
  <testcase classname="com.TestCases.LoginPageTest" name="VerifyTitleofThePage" time="0.012"/>
  <testcase classname="com.TestCases.LoginPageTest" name="VerifyErrorMessageWithinvaliduspw" time="6.841"/>
  <testcase classname="com.TestCases.LoginPageTest" name="VerifyLoginPage" time="3.74"/>
  <testcase classname="com.TestCases.LoginPageTest" name="VerifyHomePage" time="3.52"/>
</testsuite> <!-- Default test -->
