<?xml version="1.0" encoding="UTF-8"?>
<!-- Generated by org.testng.reporters.JUnitXMLReporter -->
<testsuite ignored="0" hostname="DESKTOP-D5739PH" failures="0" tests="4" name="EbayPageTest" time="41.131" errors="0" timestamp="03 Mar 2019 19:31:19 GMT">
  <testcase classname="com.TestCases.LoginPageTest" name="VerifyLogoofThePage" time="0.246"/>
  <testcase classname="com.TestCases.LoginPageTest" name="VerifyTitleofThePage" time="0.037"/>
  <testcase classname="com.TestCases.LoginPageTest" name="VerifyErrorMessageWithinvaliduspw" time="7.637"/>
  <testcase classname="com.TestCases.LoginPageTest" name="VerifyLoginPage" time="3.553"/>
</testsuite> <!-- EbayPageTest -->
