<?xml version="1.0" encoding="UTF-8"?>
<!-- Generated by org.testng.reporters.JUnitXMLReporter -->
<testsuite ignored="0" hostname="DESKTOP-D5739PH" failures="0" tests="5" name="Jahan" time="48.062" errors="0" timestamp="10 Mar 2019 15:28:11 GMT">
  <testcase classname="com.TestCases.LoginPageTest" name="VerifyLogoofThePage" time="0.093"/>
  <testcase classname="com.TestCases.LoginPageTest" name="VerifyTitleofThePage" time="0.032"/>
  <testcase classname="com.TestCases.LoginPageTest" name="VerifyErrorMessageWithinvaliduspw" time="6.468"/>
  <testcase classname="com.TestCases.LoginPageTest" name="VerifyLoginPage" time="3.387"/>
  <testcase classname="com.TestCases.LoginPageTest" name="VerifyHomePage" time="3.326"/>
</testsuite> <!-- Jahan -->
