<?xml version="1.0" encoding="UTF-8"?>
<!-- Generated by org.testng.reporters.JUnitXMLReporter -->
<testsuite ignored="0" hostname="DESKTOP-D5739PH" failures="0" tests="4" name="TechFios Test Case" time="38.803" errors="0" timestamp="03 Mar 2019 18:54:48 GMT">
  <testcase classname="com.TestCases.LoginPageTest" name="VerifyLogoofThePage" time="0.151"/>
  <testcase classname="com.TestCases.LoginPageTest" name="VerifyTitleofThePage" time="0.038"/>
  <testcase classname="com.TestCases.LoginPageTest" name="VerifyErrorMessageWithinvaliduspw" time="6.765"/>
  <testcase classname="com.TestCases.LoginPageTest" name="VerifyLoginPage" time="3.479"/>
</testsuite> <!-- TechFios Test Case -->
