<?xml version="1.0" encoding="UTF-8"?>
<testng-results ignored="0" total="5" passed="5" failed="0" skipped="0">
  <reporter-output>
  </reporter-output>
  <suite started-at="2019-08-04T00:56:24Z" name="Default suite" finished-at="2019-08-04T00:57:13Z" duration-ms="48651">
    <groups>
    </groups>
    <test started-at="2019-08-04T00:56:24Z" name="Default test" finished-at="2019-08-04T00:57:13Z" duration-ms="48651">
      <class name="com.TestCases.LoginPageTest">
        <test-method is-config="true" signature="log()[pri:0, instance:com.TestCases.LoginPageTest@41e1e210]" started-at="2019-08-04T00:56:24Z" name="log" finished-at="2019-08-04T00:56:24Z" duration-ms="212" status="PASS">
          <reporter-output>
          </reporter-output>
        </test-method> <!-- log -->
        <test-method is-config="true" signature="SetUp()[pri:0, instance:com.TestCases.LoginPageTest@41e1e210]" started-at="2019-08-04T00:56:24Z" name="SetUp" finished-at="2019-08-04T00:56:31Z" duration-ms="6466" status="PASS">
          <reporter-output>
          </reporter-output>
        </test-method> <!-- SetUp -->
        <test-method signature="VerifyLogoofThePage()[pri:0, instance:com.TestCases.LoginPageTest@41e1e210]" started-at="2019-08-04T00:56:31Z" name="VerifyLogoofThePage" finished-at="2019-08-04T00:56:31Z" duration-ms="51" status="PASS">
          <reporter-output>
          </reporter-output>
        </test-method> <!-- VerifyLogoofThePage -->
        <test-method is-config="true" signature="TearDown()[pri:0, instance:com.TestCases.LoginPageTest@41e1e210]" started-at="2019-08-04T00:56:31Z" name="TearDown" finished-at="2019-08-04T00:56:32Z" duration-ms="1247" status="PASS">
          <reporter-output>
          </reporter-output>
        </test-method> <!-- TearDown -->
        <test-method is-config="true" signature="SetUp()[pri:0, instance:com.TestCases.LoginPageTest@41e1e210]" started-at="2019-08-04T00:56:32Z" name="SetUp" finished-at="2019-08-04T00:56:38Z" duration-ms="5603" status="PASS">
          <reporter-output>
          </reporter-output>
        </test-method> <!-- SetUp -->
        <test-method signature="VerifyTitleofThePage()[pri:1, instance:com.TestCases.LoginPageTest@41e1e210]" started-at="2019-08-04T00:56:38Z" name="VerifyTitleofThePage" finished-at="2019-08-04T00:56:38Z" duration-ms="12" status="PASS">
          <reporter-output>
          </reporter-output>
        </test-method> <!-- VerifyTitleofThePage -->
        <test-method is-config="true" signature="TearDown()[pri:0, instance:com.TestCases.LoginPageTest@41e1e210]" started-at="2019-08-04T00:56:38Z" name="TearDown" finished-at="2019-08-04T00:56:39Z" duration-ms="1023" status="PASS">
          <reporter-output>
          </reporter-output>
        </test-method> <!-- TearDown -->
        <test-method is-config="true" signature="SetUp()[pri:0, instance:com.TestCases.LoginPageTest@41e1e210]" started-at="2019-08-04T00:56:39Z" name="SetUp" finished-at="2019-08-04T00:56:44Z" duration-ms="5469" status="PASS">
          <reporter-output>
          </reporter-output>
        </test-method> <!-- SetUp -->
        <test-method signature="VerifyErrorMessageWithinvaliduspw()[pri:2, instance:com.TestCases.LoginPageTest@41e1e210]" started-at="2019-08-04T00:56:44Z" name="VerifyErrorMessageWithinvaliduspw" finished-at="2019-08-04T00:56:51Z" duration-ms="6841" status="PASS">
          <reporter-output>
          </reporter-output>
        </test-method> <!-- VerifyErrorMessageWithinvaliduspw -->
        <test-method is-config="true" signature="TearDown()[pri:0, instance:com.TestCases.LoginPageTest@41e1e210]" started-at="2019-08-04T00:56:51Z" name="TearDown" finished-at="2019-08-04T00:56:52Z" duration-ms="1089" status="PASS">
          <reporter-output>
          </reporter-output>
        </test-method> <!-- TearDown -->
        <test-method is-config="true" signature="SetUp()[pri:0, instance:com.TestCases.LoginPageTest@41e1e210]" started-at="2019-08-04T00:56:52Z" name="SetUp" finished-at="2019-08-04T00:56:58Z" duration-ms="5569" status="PASS">
          <reporter-output>
          </reporter-output>
        </test-method> <!-- SetUp -->
        <test-method signature="VerifyLoginPage()[pri:3, instance:com.TestCases.LoginPageTest@41e1e210]" started-at="2019-08-04T00:56:58Z" name="VerifyLoginPage" finished-at="2019-08-04T00:57:01Z" duration-ms="3740" status="PASS">
          <reporter-output>
          </reporter-output>
        </test-method> <!-- VerifyLoginPage -->
        <test-method is-config="true" signature="TearDown()[pri:0, instance:com.TestCases.LoginPageTest@41e1e210]" started-at="2019-08-04T00:57:01Z" name="TearDown" finished-at="2019-08-04T00:57:02Z" duration-ms="1072" status="PASS">
          <reporter-output>
          </reporter-output>
        </test-method> <!-- TearDown -->
        <test-method is-config="true" signature="SetUp()[pri:0, instance:com.TestCases.LoginPageTest@41e1e210]" started-at="2019-08-04T00:57:02Z" name="SetUp" finished-at="2019-08-04T00:57:08Z" duration-ms="5641" status="PASS">
          <reporter-output>
          </reporter-output>
        </test-method> <!-- SetUp -->
        <test-method signature="VerifyHomePage()[pri:4, instance:com.TestCases.LoginPageTest@41e1e210]" started-at="2019-08-04T00:57:08Z" name="VerifyHomePage" finished-at="2019-08-04T00:57:12Z" duration-ms="3520" status="PASS">
          <reporter-output>
          </reporter-output>
        </test-method> <!-- VerifyHomePage -->
        <test-method is-config="true" signature="TearDown()[pri:0, instance:com.TestCases.LoginPageTest@41e1e210]" started-at="2019-08-04T00:57:12Z" name="TearDown" finished-at="2019-08-04T00:57:13Z" duration-ms="1044" status="PASS">
          <reporter-output>
          </reporter-output>
        </test-method> <!-- TearDown -->
      </class> <!-- com.TestCases.LoginPageTest -->
    </test> <!-- Default test -->
  </suite> <!-- Default suite -->
</testng-results>
